rosh/build/intermediates/manifest_merge_blame_file/debug/processDebugMainManifest/manifest-merger-blame-debug-report.txt
1<?xml version="1.0" encoding="utf-8"?>
2<manifest xmlns:android="http://schemas.android.com/apk/res/android"
3    package="rosh.rosh"
4    android:versionCode="1"
5    android:versionName="1.0" >
6
7    <uses-sdk
8        android:minSdkVersion="24"
9        android:targetSdkVersion="36" />
10
11    <uses-permission android:name="android.permission.FOREGROUND_SERVICE_DATA_SYNC" />
11-->src/main/AndroidManifest.xml:3:5-87
11-->src/main/AndroidManifest.xml:3:22-84
12    <uses-permission android:name="android.permission.GET_PACKAGE_SIZE" />
12-->[logger-runtime.aar] AndroidManifest.xml:7:5-75
12-->[logger-runtime.aar] AndroidManifest.xml:7:22-72
13    <uses-permission android:name="android.permission.QUERY_ALL_PACKAGES" />
13-->[logger-runtime.aar] AndroidManifest.xml:8:5-77
13-->[logger-runtime.aar] AndroidManifest.xml:8:22-74
14
15    <queries>
15-->[logger-runtime.aar] AndroidManifest.xml:10:5-12:15
16        <package android:name="io.github.mohammedbaqernull.logger" />
16-->[logger-runtime.aar] AndroidManifest.xml:11:9-70
16-->[logger-runtime.aar] AndroidManifest.xml:11:18-67
17    </queries>
18
19    <uses-permission android:name="android.permission.INTERNET" />
19-->[:terminal] AndroidManifest.xml:7:5-67
19-->[:terminal] AndroidManifest.xml:7:22-64
20    <uses-permission android:name="android.permission.ACCESS_NETWORK_STATE" />
20-->[:terminal] AndroidManifest.xml:8:5-79
20-->[:terminal] AndroidManifest.xml:8:22-76
21    <uses-permission android:name="android.permission.READ_EXTERNAL_STORAGE" />
21-->[:terminal] AndroidManifest.xml:9:5-80
21-->[:terminal] AndroidManifest.xml:9:22-77
22    <uses-permission android:name="android.permission.WRITE_EXTERNAL_STORAGE" />
22-->[:terminal] AndroidManifest.xml:10:5-81
22-->[:terminal] AndroidManifest.xml:10:22-78
23    <uses-permission android:name="android.permission.MANAGE_EXTERNAL_STORAGE" />
23-->[:terminal] AndroidManifest.xml:11:5-82
23-->[:terminal] AndroidManifest.xml:11:22-79
24    <uses-permission android:name="android.permission.READ_LOGS" />
24-->[:terminal] AndroidManifest.xml:12:5-68
24-->[:terminal] AndroidManifest.xml:12:22-65
25    <uses-permission android:name="android.permission.FOREGROUND_SERVICE" />
25-->[:terminal] AndroidManifest.xml:13:5-77
25-->[:terminal] AndroidManifest.xml:13:22-74
26    <uses-permission android:name="android.permission.FOREGROUND_SERVICE_SPECIAL_USE" />
26-->[:terminal] AndroidManifest.xml:14:5-89
26-->[:terminal] AndroidManifest.xml:14:22-86
27    <uses-permission android:name="android.permission.SYSTEM_ALERT_WINDOW" />
27-->[:terminal] AndroidManifest.xml:15:5-78
27-->[:terminal] AndroidManifest.xml:15:22-75
28    <uses-permission android:name="android.permission.POST_NOTIFICATIONS" />
28-->[:berkas] AndroidManifest.xml:7:5-77
28-->[:berkas] AndroidManifest.xml:7:22-74
29
30    <permission
30-->[androidx.core:core:1.16.0] AndroidManifest.xml:22:5-24:47
31        android:name="rosh.rosh.DYNAMIC_RECEIVER_NOT_EXPORTED_PERMISSION"
31-->[androidx.core:core:1.16.0] AndroidManifest.xml:23:9-81
32        android:protectionLevel="signature" />
32-->[androidx.core:core:1.16.0] AndroidManifest.xml:24:9-44
33
34    <uses-permission android:name="rosh.rosh.DYNAMIC_RECEIVER_NOT_EXPORTED_PERMISSION" />
34-->[androidx.core:core:1.16.0] AndroidManifest.xml:26:5-97
34-->[androidx.core:core:1.16.0] AndroidManifest.xml:26:22-94
35
36    <application
36-->src/main/AndroidManifest.xml:4:5-44:19
37        android:allowBackup="true"
37-->src/main/AndroidManifest.xml:5:9-35
38        android:appComponentFactory="androidx.core.app.CoreComponentFactory"
38-->[androidx.core:core:1.16.0] AndroidManifest.xml:28:18-86
39        android:debuggable="true"
40        android:extractNativeLibs="true"
41        android:icon="@drawable/ikon_utama"
41-->src/main/AndroidManifest.xml:6:9-44
42        android:label="@string/nama_app"
42-->src/main/AndroidManifest.xml:7:9-41
43        android:requestForegroundServiceExemption="true"
43-->[:terminal] AndroidManifest.xml:18:9-57
44        android:requestLegacyExternalStorage="true"
44-->[:terminal] AndroidManifest.xml:19:9-52
45        android:requestRawExternalStorageAccess="true"
45-->[:berkas] AndroidManifest.xml:14:9-55
46        android:roundIcon="@drawable/ikon_utama"
46-->src/main/AndroidManifest.xml:8:9-49
47        android:supportsRtl="true"
47-->src/main/AndroidManifest.xml:9:9-35
48        android:theme="@style/RoshTheme" >
48-->src/main/AndroidManifest.xml:10:9-41
49        <activity
49-->src/main/AndroidManifest.xml:11:9-18:20
50            android:name="rosh.rosh.MainActivity"
50-->src/main/AndroidManifest.xml:12:13-41
51            android:exported="true" >
51-->src/main/AndroidManifest.xml:13:13-36
52            <intent-filter>
52-->src/main/AndroidManifest.xml:14:13-17:29
53                <action android:name="android.intent.action.MAIN" />
53-->src/main/AndroidManifest.xml:15:17-69
53-->src/main/AndroidManifest.xml:15:25-66
54
55                <category android:name="android.intent.category.LAUNCHER" />
55-->src/main/AndroidManifest.xml:16:17-77
55-->src/main/AndroidManifest.xml:16:27-74
56            </intent-filter>
57        </activity>
58        <activity
58-->src/main/AndroidManifest.xml:20:9-24:20
59            android:name="rosh.terminal.Terminal"
59-->src/main/AndroidManifest.xml:21:13-50
60            android:exported="true"
60-->src/main/AndroidManifest.xml:22:13-36
61            android:windowSoftInputMode="adjustResize" >
61-->[:terminal] AndroidManifest.xml:23:13-55
62        </activity>
63        <activity
63-->src/main/AndroidManifest.xml:26:9-30:20
64            android:name="rosh.berkas.Berkas"
64-->src/main/AndroidManifest.xml:27:13-46
65            android:exported="true" >
65-->src/main/AndroidManifest.xml:28:13-36
66        </activity>
67        <activity
67-->src/main/AndroidManifest.xml:32:9-37:20
68            android:name="rosh.browser.Browser"
68-->src/main/AndroidManifest.xml:33:13-48
69            android:exported="true"
69-->src/main/AndroidManifest.xml:35:13-36
70            android:usesCleartextTraffic="true" >
70-->src/main/AndroidManifest.xml:34:13-48
71        </activity>
72        <activity
72-->src/main/AndroidManifest.xml:39:9-43:20
73            android:name="rosh.code.Code"
73-->src/main/AndroidManifest.xml:40:13-42
74            android:exported="true" >
74-->src/main/AndroidManifest.xml:41:13-36
75            <intent-filter>
75-->[:code] AndroidManifest.xml:14:13-26:29
76                <action android:name="android.intent.action.VIEW" />
76-->[:code] AndroidManifest.xml:15:17-69
76-->[:code] AndroidManifest.xml:15:25-66
77                <action android:name="android.intent.action.EDIT" />
77-->[:code] AndroidManifest.xml:16:17-69
77-->[:code] AndroidManifest.xml:16:25-66
78
79                <category android:name="android.intent.category.DEFAULT" />
79-->[:code] AndroidManifest.xml:18:17-76
79-->[:code] AndroidManifest.xml:18:27-73
80
81                <data
81-->[:code] AndroidManifest.xml:20:17-22:48
82                    android:mimeType="*/*"
82-->[:code] AndroidManifest.xml:21:21-43
83                    android:scheme="content" />
83-->[:code] AndroidManifest.xml:22:21-45
84                <data
84-->[:code] AndroidManifest.xml:20:17-22:48
85                    android:mimeType="*/*"
85-->[:code] AndroidManifest.xml:21:21-43
86                    android:scheme="file" />
86-->[:code] AndroidManifest.xml:22:21-45
87            </intent-filter>
88            <intent-filter>
88-->[:code] AndroidManifest.xml:27:13-33:29
89                <action android:name="android.intent.action.SEND" />
89-->[:code] AndroidManifest.xml:28:17-69
89-->[:code] AndroidManifest.xml:28:25-66
90
91                <category android:name="android.intent.category.DEFAULT" />
91-->[:code] AndroidManifest.xml:18:17-76
91-->[:code] AndroidManifest.xml:18:27-73
92
93                <data android:mimeType="text/plain" />
93-->[:code] AndroidManifest.xml:20:17-22:48
93-->[:code] AndroidManifest.xml:21:21-43
94            </intent-filter>
95        </activity>
96
97        <provider
97-->[logger-runtime.aar] AndroidManifest.xml:15:9-18:39
98            android:name="io.github.mohammedbaqernull.logger.logwire.LogWireInitializer"
98-->[logger-runtime.aar] AndroidManifest.xml:16:13-89
99            android:authorities="rosh.rosh.logwire.initializer"
99-->[logger-runtime.aar] AndroidManifest.xml:17:13-71
100            android:exported="true" />
100-->[logger-runtime.aar] AndroidManifest.xml:18:13-36
101
102        <service
102-->[:terminal] AndroidManifest.xml:26:9-33:19
103            android:name="rosh.terminal.exec.ShellCustom"
103-->[:terminal] AndroidManifest.xml:27:13-58
104            android:exported="false"
104-->[:terminal] AndroidManifest.xml:28:13-37
105            android:foregroundServiceType="specialUse" >
105-->[:terminal] AndroidManifest.xml:29:13-55
106            <property
106-->[:terminal] AndroidManifest.xml:30:13-32:58
107                android:name="android.app.PROPERTY_SPECIAL_USE_FGS_SUBTYPE"
107-->[:terminal] AndroidManifest.xml:31:17-76
108                android:value="Terminal shell session" />
108-->[:terminal] AndroidManifest.xml:32:17-55
109        </service>
110
111        <activity
111-->[com.google.android.gms:play-services-auth:21.4.0] AndroidManifest.xml:23:9-27:75
112            android:name="com.google.android.gms.auth.api.signin.internal.SignInHubActivity"
112-->[com.google.android.gms:play-services-auth:21.4.0] AndroidManifest.xml:24:13-93
113            android:excludeFromRecents="true"
113-->[com.google.android.gms:play-services-auth:21.4.0] AndroidManifest.xml:25:13-46
114            android:exported="false"
114-->[com.google.android.gms:play-services-auth:21.4.0] AndroidManifest.xml:26:13-37
115            android:theme="@android:style/Theme.Translucent.NoTitleBar" />
115-->[com.google.android.gms:play-services-auth:21.4.0] AndroidManifest.xml:27:13-72
116        <!--
117            Service handling Google Sign-In user revocation. For apps that do not integrate with
118            Google Sign-In, this service will never be started.
119        -->
120        <service
120-->[com.google.android.gms:play-services-auth:21.4.0] AndroidManifest.xml:33:9-37:51
121            android:name="com.google.android.gms.auth.api.signin.RevocationBoundService"
121-->[com.google.android.gms:play-services-auth:21.4.0] AndroidManifest.xml:34:13-89
122            android:exported="true"
122-->[com.google.android.gms:play-services-auth:21.4.0] AndroidManifest.xml:35:13-36
123            android:permission="com.google.android.gms.auth.api.signin.permission.REVOCATION_NOTIFICATION"
123-->[com.google.android.gms:play-services-auth:21.4.0] AndroidManifest.xml:36:13-107
124            android:visibleToInstantApps="true" />
124-->[com.google.android.gms:play-services-auth:21.4.0] AndroidManifest.xml:37:13-48
125
126        <activity
126-->[com.google.android.gms:play-services-base:18.5.0] AndroidManifest.xml:5:9-173
127            android:name="com.google.android.gms.common.api.GoogleApiActivity"
127-->[com.google.android.gms:play-services-base:18.5.0] AndroidManifest.xml:5:19-85
128            android:exported="false"
128-->[com.google.android.gms:play-services-base:18.5.0] AndroidManifest.xml:5:146-170
129            android:theme="@android:style/Theme.Translucent.NoTitleBar" />
129-->[com.google.android.gms:play-services-base:18.5.0] AndroidManifest.xml:5:86-145
130
131        <meta-data
131-->[com.google.android.gms:play-services-basement:18.5.0] AndroidManifest.xml:21:9-23:69
132            android:name="com.google.android.gms.version"
132-->[com.google.android.gms:play-services-basement:18.5.0] AndroidManifest.xml:22:13-58
133            android:value="@integer/google_play_services_version" />
133-->[com.google.android.gms:play-services-basement:18.5.0] AndroidManifest.xml:23:13-66
134
135        <provider
135-->[androidx.emoji2:emoji2:1.3.0] AndroidManifest.xml:24:9-32:20
136            android:name="androidx.startup.InitializationProvider"
136-->[androidx.emoji2:emoji2:1.3.0] AndroidManifest.xml:25:13-67
137            android:authorities="rosh.rosh.androidx-startup"
137-->[androidx.emoji2:emoji2:1.3.0] AndroidManifest.xml:26:13-68
138            android:exported="false" >
138-->[androidx.emoji2:emoji2:1.3.0] AndroidManifest.xml:27:13-37
139            <meta-data
139-->[androidx.emoji2:emoji2:1.3.0] AndroidManifest.xml:29:13-31:52
140                android:name="androidx.emoji2.text.EmojiCompatInitializer"
140-->[androidx.emoji2:emoji2:1.3.0] AndroidManifest.xml:30:17-75
141                android:value="androidx.startup" />
141-->[androidx.emoji2:emoji2:1.3.0] AndroidManifest.xml:31:17-49
142            <meta-data
142-->[androidx.lifecycle:lifecycle-process:2.6.2] AndroidManifest.xml:29:13-31:52
143                android:name="androidx.lifecycle.ProcessLifecycleInitializer"
143-->[androidx.lifecycle:lifecycle-process:2.6.2] AndroidManifest.xml:30:17-78
144                android:value="androidx.startup" />
144-->[androidx.lifecycle:lifecycle-process:2.6.2] AndroidManifest.xml:31:17-49
145            <meta-data
145-->[androidx.profileinstaller:profileinstaller:1.4.0] AndroidManifest.xml:29:13-31:52
146                android:name="androidx.profileinstaller.ProfileInstallerInitializer"
146-->[androidx.profileinstaller:profileinstaller:1.4.0] AndroidManifest.xml:30:17-85
147                android:value="androidx.startup" />
147-->[androidx.profileinstaller:profileinstaller:1.4.0] AndroidManifest.xml:31:17-49
148        </provider>
149
150        <receiver
150-->[androidx.profileinstaller:profileinstaller:1.4.0] AndroidManifest.xml:34:9-52:20
151            android:name="androidx.profileinstaller.ProfileInstallReceiver"
151-->[androidx.profileinstaller:profileinstaller:1.4.0] AndroidManifest.xml:35:13-76
152            android:directBootAware="false"
152-->[androidx.profileinstaller:profileinstaller:1.4.0] AndroidManifest.xml:36:13-44
153            android:enabled="true"
153-->[androidx.profileinstaller:profileinstaller:1.4.0] AndroidManifest.xml:37:13-35
154            android:exported="true"
154-->[androidx.profileinstaller:profileinstaller:1.4.0] AndroidManifest.xml:38:13-36
155            android:permission="android.permission.DUMP" >
155-->[androidx.profileinstaller:profileinstaller:1.4.0] AndroidManifest.xml:39:13-57
156            <intent-filter>
156-->[androidx.profileinstaller:profileinstaller:1.4.0] AndroidManifest.xml:40:13-42:29
157                <action android:name="androidx.profileinstaller.action.INSTALL_PROFILE" />
157-->[androidx.profileinstaller:profileinstaller:1.4.0] AndroidManifest.xml:41:17-91
157-->[androidx.profileinstaller:profileinstaller:1.4.0] AndroidManifest.xml:41:25-88
158            </intent-filter>
159            <intent-filter>
159-->[androidx.profileinstaller:profileinstaller:1.4.0] AndroidManifest.xml:43:13-45:29
160                <action android:name="androidx.profileinstaller.action.SKIP_FILE" />
160-->[androidx.profileinstaller:profileinstaller:1.4.0] AndroidManifest.xml:44:17-85
160-->[androidx.profileinstaller:profileinstaller:1.4.0] AndroidManifest.xml:44:25-82
161            </intent-filter>
162            <intent-filter>
162-->[androidx.profileinstaller:profileinstaller:1.4.0] AndroidManifest.xml:46:13-48:29
163                <action android:name="androidx.profileinstaller.action.SAVE_PROFILE" />
163-->[androidx.profileinstaller:profileinstaller:1.4.0] AndroidManifest.xml:47:17-88
163-->[androidx.profileinstaller:profileinstaller:1.4.0] AndroidManifest.xml:47:25-85
164            </intent-filter>
165            <intent-filter>
165-->[androidx.profileinstaller:profileinstaller:1.4.0] AndroidManifest.xml:49:13-51:29
166                <action android:name="androidx.profileinstaller.action.BENCHMARK_OPERATION" />
166-->[androidx.profileinstaller:profileinstaller:1.4.0] AndroidManifest.xml:50:17-95
166-->[androidx.profileinstaller:profileinstaller:1.4.0] AndroidManifest.xml:50:25-92
167            </intent-filter>
168        </receiver>
169    </application>
170
171</manifest>